Using pre-set license
Built from '2020.3/staging' branch; Version is '2020.3.17f1 (a4537701e4ab) revision 10769271'; Using compiler version '192528614'; Build Type 'Release'
OS: 'Windows 10 Home; OS build 19041.1348; Version 2004; 64bit' Language: 'en' Physical Memory: 15731 MB
BatchMode: 1, IsHumanControllingUs: 0, StartBugReporterOnCrash: 0, Is64bit: 1, IsPro: 0

COMMAND LINE ARGUMENTS:
C:\Users\vanha\Documents\unity\2020.3.17f1\Editor\Unity.exe
-adb2
-batchMode
-noUpm
-name
AssetImportWorker1
-projectPath
C:/unity/Ben_Vanhaelst_hexen2021
-logFile
Logs/AssetImportWorker1.log
-srvPort
64701
Successfully changed project path to: C:/unity/Ben_Vanhaelst_hexen2021
C:/unity/Ben_Vanhaelst_hexen2021
Using Asset Import Pipeline V2.
Refreshing native plugins compatible for Editor in 32.33 ms, found 2 plugins.
Preloading 0 native plugins for Editor in 0.00 ms.
Initialize engine version: 2020.3.17f1 (a4537701e4ab)
[Subsystems] Discovering subsystems at path C:/Users/vanha/Documents/unity/2020.3.17f1/Editor/Data/Resources/UnitySubsystems
[Subsystems] Discovering subsystems at path C:/unity/Ben_Vanhaelst_hexen2021/Assets
GfxDevice: creating device client; threaded=0
Direct3D:
    Version:  Direct3D 11.0 [level 11.1]
    Renderer: NVIDIA GeForce RTX 2060 (ID=0x1f15)
    Vendor:   
    VRAM:     5980 MB
    Driver:   27.21.14.6280
Initialize mono
Mono path[0] = 'C:/Users/vanha/Documents/unity/2020.3.17f1/Editor/Data/Managed'
Mono path[1] = 'C:/Users/vanha/Documents/unity/2020.3.17f1/Editor/Data/MonoBleedingEdge/lib/mono/unityjit'
Mono config path = 'C:/Users/vanha/Documents/unity/2020.3.17f1/Editor/Data/MonoBleedingEdge/etc'
Using monoOptions --debugger-agent=transport=dt_socket,embedding=1,server=y,suspend=n,address=127.0.0.1:56912
Begin MonoManager ReloadAssembly
Registering precompiled unity dll's ...
Register platform support module: C:/Users/vanha/Documents/unity/2020.3.17f1/Editor/Data/PlaybackEngines/WebGLSupport/UnityEditor.WebGL.Extensions.dll
Register platform support module: C:/Users/vanha/Documents/unity/2020.3.17f1/Editor/Data/PlaybackEngines/WindowsStandaloneSupport/UnityEditor.WindowsStandalone.Extensions.dll
Registered in 0.003287 seconds.
Native extension for WindowsStandalone target not found
Native extension for WebGL target not found
Refreshing native plugins compatible for Editor in 31.99 ms, found 2 plugins.
Preloading 0 native plugins for Editor in 0.00 ms.
Mono: successfully reloaded assembly
- Completed reload, in  2.618 seconds
Domain Reload Profiling:
	ReloadAssembly (2618ms)
		BeginReloadAssembly (58ms)
			ExecutionOrderSort (0ms)
			DisableScriptedObjects (0ms)
			BackupInstance (0ms)
			ReleaseScriptingObjects (0ms)
			CreateAndSetChildDomain (1ms)
		EndReloadAssembly (419ms)
			LoadAssemblies (56ms)
			RebuildTransferFunctionScriptingTraits (0ms)
			SetupTypeCache (141ms)
			ReleaseScriptCaches (0ms)
			RebuildScriptCaches (37ms)
			SetupLoadedEditorAssemblies (170ms)
				LogAssemblyErrors (0ms)
				InitializePlatformSupportModulesInManaged (5ms)
				SetLoadedEditorAssemblies (0ms)
				RefreshPlugins (32ms)
				BeforeProcessingInitializeOnLoad (16ms)
				ProcessInitializeOnLoadAttributes (84ms)
				ProcessInitializeOnLoadMethodAttributes (33ms)
				AfterProcessingInitializeOnLoad (0ms)
				EditorAssembliesLoaded (0ms)
			ExecutionOrderSort2 (0ms)
			AwakeInstancesAfterBackupRestoration (0ms)
Platform modules already initialized, skipping
Registering precompiled user dll's ...
Registered in 0.005938 seconds.
Begin MonoManager ReloadAssembly
Native extension for WindowsStandalone target not found
Native extension for WebGL target not found
Refreshing native plugins compatible for Editor in 0.39 ms, found 2 plugins.
Preloading 0 native plugins for Editor in 0.00 ms.
Mono: successfully reloaded assembly
- Completed reload, in  1.068 seconds
Domain Reload Profiling:
	ReloadAssembly (1069ms)
		BeginReloadAssembly (146ms)
			ExecutionOrderSort (0ms)
			DisableScriptedObjects (5ms)
			BackupInstance (0ms)
			ReleaseScriptingObjects (0ms)
			CreateAndSetChildDomain (19ms)
		EndReloadAssembly (860ms)
			LoadAssemblies (88ms)
			RebuildTransferFunctionScriptingTraits (0ms)
			SetupTypeCache (266ms)
			ReleaseScriptCaches (0ms)
			RebuildScriptCaches (51ms)
			SetupLoadedEditorAssemblies (356ms)
				LogAssemblyErrors (0ms)
				InitializePlatformSupportModulesInManaged (7ms)
				SetLoadedEditorAssemblies (0ms)
				RefreshPlugins (0ms)
				BeforeProcessingInitializeOnLoad (92ms)
				ProcessInitializeOnLoadAttributes (238ms)
				ProcessInitializeOnLoadMethodAttributes (10ms)
				AfterProcessingInitializeOnLoad (9ms)
				EditorAssembliesLoaded (0ms)
			ExecutionOrderSort2 (0ms)
			AwakeInstancesAfterBackupRestoration (7ms)
Platform modules already initialized, skipping
========================================================================
Worker process is ready to serve import requests
Launched and connected shader compiler UnityShaderCompiler.exe after 0.07 seconds
Refreshing native plugins compatible for Editor in 0.42 ms, found 2 plugins.
Preloading 0 native plugins for Editor in 0.00 ms.
Unloading 1531 Unused Serialized files (Serialized files now loaded: 0)
System memory in use before: 69.5 MB.
System memory in use after: 69.6 MB.

Unloading 20 unused Assets to reduce memory usage. Loaded Objects now: 1963.
Total: 3.603800 ms (FindLiveObjects: 0.178900 ms CreateObjectMapping: 0.036300 ms MarkObjects: 3.316600 ms  DeleteObjects: 0.070500 ms)

AssetImportParameters requested are different than current active one (requested -> active):
  custom:framework-win-MediaFoundation: 216162199b28c13a410421893ffa2e32 -> 
  custom:video-decoder-ogg-theora: a1e56fd34408186e4bbccfd4996cb3dc -> 
  custom:container-muxer-webm: aa71ff27fc2769a1b78a27578f13a17b -> 
  custom:container-demuxer-webm: 4f35f7cbe854078d1ac9338744f61a02 -> 
  custom:container-demuxer-ogg: 62fdf1f143b41e24485cea50d1cbac27 -> 
  custom:video-encoder-webm-vp8: eb34c28f22e8b96e1ab97ce403110664 -> 
  custom:video-codec-MediaFoundation-h265: 746d11721c4dcdbdad8f713fa42b33f4 -> 
  custom:video-decoder-webm-vp8: 9c59270c3fd7afecdb556c50c9e8de78 -> 
  custom:audio-decoder-ogg-vorbis: bf7c407c2cedff20999df2af8eb42d56 -> 
  custom:audio-encoder-webm-vorbis: bf7c407c2cedff20999df2af8eb42d56 -> 
========================================================================
Received Import Request.
  path: Assets/Scripts/BoardSystem/Grid.cs
  artifactKey: Guid(f897652aa5cae6747bb64eec3cf1cc1f) Importer(815301076,1909f56bfc062723c751e8b465ee728b)
Start importing Assets/Scripts/BoardSystem/Grid.cs using Guid(f897652aa5cae6747bb64eec3cf1cc1f) Importer(815301076,1909f56bfc062723c751e8b465ee728b)  -> (artifact id: '85b757b2083bdb48cc4947d6a113bb51') in 0.042127 seconds 
  Import took 0.044676 seconds .

========================================================================
Received Prepare
Registering precompiled user dll's ...
Registered in 0.005443 seconds.
Begin MonoManager ReloadAssembly
Native extension for WindowsStandalone target not found
Native extension for WebGL target not found
Refreshing native plugins compatible for Editor in 0.70 ms, found 2 plugins.
Preloading 0 native plugins for Editor in 0.00 ms.
Mono: successfully reloaded assembly
- Completed reload, in  1.025 seconds
Domain Reload Profiling:
	ReloadAssembly (1025ms)
		BeginReloadAssembly (109ms)
			ExecutionOrderSort (0ms)
			DisableScriptedObjects (4ms)
			BackupInstance (0ms)
			ReleaseScriptingObjects (0ms)
			CreateAndSetChildDomain (32ms)
		EndReloadAssembly (846ms)
			LoadAssemblies (88ms)
			RebuildTransferFunctionScriptingTraits (0ms)
			SetupTypeCache (255ms)
			ReleaseScriptCaches (1ms)
			RebuildScriptCaches (44ms)
			SetupLoadedEditorAssemblies (372ms)
				LogAssemblyErrors (0ms)
				InitializePlatformSupportModulesInManaged (10ms)
				SetLoadedEditorAssemblies (1ms)
				RefreshPlugins (1ms)
				BeforeProcessingInitializeOnLoad (91ms)
				ProcessInitializeOnLoadAttributes (250ms)
				ProcessInitializeOnLoadMethodAttributes (12ms)
				AfterProcessingInitializeOnLoad (7ms)
				EditorAssembliesLoaded (0ms)
			ExecutionOrderSort2 (0ms)
			AwakeInstancesAfterBackupRestoration (6ms)
Platform modules already initialized, skipping
Refreshing native plugins compatible for Editor in 0.35 ms, found 2 plugins.
Preloading 0 native plugins for Editor in 0.00 ms.
Unloading 1525 Unused Serialized files (Serialized files now loaded: 0)
System memory in use before: 69.4 MB.
System memory in use after: 69.5 MB.

Unloading 15 unused Assets to reduce memory usage. Loaded Objects now: 1965.
Total: 3.696700 ms (FindLiveObjects: 0.226000 ms CreateObjectMapping: 0.065900 ms MarkObjects: 3.384200 ms  DeleteObjects: 0.018700 ms)

AssetImportParameters requested are different than current active one (requested -> active):
  custom:framework-win-MediaFoundation: 216162199b28c13a410421893ffa2e32 -> 
  custom:video-decoder-ogg-theora: a1e56fd34408186e4bbccfd4996cb3dc -> 
  custom:container-muxer-webm: aa71ff27fc2769a1b78a27578f13a17b -> 
  custom:container-demuxer-webm: 4f35f7cbe854078d1ac9338744f61a02 -> 
  custom:container-demuxer-ogg: 62fdf1f143b41e24485cea50d1cbac27 -> 
  custom:video-encoder-webm-vp8: eb34c28f22e8b96e1ab97ce403110664 -> 
  custom:video-codec-MediaFoundation-h265: 746d11721c4dcdbdad8f713fa42b33f4 -> 
  custom:video-decoder-webm-vp8: 9c59270c3fd7afecdb556c50c9e8de78 -> 
  custom:audio-decoder-ogg-vorbis: bf7c407c2cedff20999df2af8eb42d56 -> 
  custom:audio-encoder-webm-vorbis: bf7c407c2cedff20999df2af8eb42d56 -> 
========================================================================
Received Import Request.
  Time since last request: 55.704721 seconds.
  path: Assets/Prefab/CardPrefabs/ThunderClap.prefab
  artifactKey: Guid(da75cc112da7cb5449c3cfb6ab6cc858) Importer(815301076,1909f56bfc062723c751e8b465ee728b)
Start importing Assets/Prefab/CardPrefabs/ThunderClap.prefab using Guid(da75cc112da7cb5449c3cfb6ab6cc858) Importer(815301076,1909f56bfc062723c751e8b465ee728b)  -> (artifact id: '5e42dac7e50aeab75a4e487bad246f1a') in 0.060031 seconds 
  Import took 0.062914 seconds .

========================================================================
Received Import Request.
  Time since last request: 0.000218 seconds.
  path: Assets/Prefab/CardPrefabs/Teleport.prefab
  artifactKey: Guid(67dcd81429478eb43924cf0533ba3a87) Importer(815301076,1909f56bfc062723c751e8b465ee728b)
Start importing Assets/Prefab/CardPrefabs/Teleport.prefab using Guid(67dcd81429478eb43924cf0533ba3a87) Importer(815301076,1909f56bfc062723c751e8b465ee728b)  -> (artifact id: 'cbcbb40d8ab742694ee173692e42bc79') in 0.019923 seconds 
  Import took 0.023177 seconds .

========================================================================
Received Import Request.
  Time since last request: 0.000276 seconds.
  path: Assets/Prefab/CardPrefabs/Beam.prefab
  artifactKey: Guid(cd158e4f84b2bf244b57f959dc7eb615) Importer(815301076,1909f56bfc062723c751e8b465ee728b)
Start importing Assets/Prefab/CardPrefabs/Beam.prefab using Guid(cd158e4f84b2bf244b57f959dc7eb615) Importer(815301076,1909f56bfc062723c751e8b465ee728b)  -> (artifact id: '533999cf96fc506be2f8afef1c97ae1d') in 0.019433 seconds 
  Import took 0.022599 seconds .

========================================================================
Received Import Request.
  Time since last request: 0.000238 seconds.
  path: Assets/Prefab/CardPrefabs/Push.prefab
  artifactKey: Guid(d6780fc8e57869d4ba2abdf8444f7725) Importer(815301076,1909f56bfc062723c751e8b465ee728b)
Start importing Assets/Prefab/CardPrefabs/Push.prefab using Guid(d6780fc8e57869d4ba2abdf8444f7725) Importer(815301076,1909f56bfc062723c751e8b465ee728b)  -> (artifact id: '49db57484264ba3c2ed389ce6a163370') in 0.029005 seconds 
  Import took 0.031861 seconds .

========================================================================
Received Import Request.
  Time since last request: 0.892493 seconds.
  path: Assets/Prefab/CardPrefabs/Beam.prefab
  artifactKey: Guid(cd158e4f84b2bf244b57f959dc7eb615) Importer(815301076,1909f56bfc062723c751e8b465ee728b)
Start importing Assets/Prefab/CardPrefabs/Beam.prefab using Guid(cd158e4f84b2bf244b57f959dc7eb615) Importer(815301076,1909f56bfc062723c751e8b465ee728b)  -> (artifact id: 'd1e5b0ab992108e6e29cb2fd76a4a396') in 0.007643 seconds 
  Import took 0.010579 seconds .

========================================================================
Received Import Request.
  Time since last request: 0.000208 seconds.
  path: Assets/Prefab/CardPrefabs/ThunderClap.prefab
  artifactKey: Guid(da75cc112da7cb5449c3cfb6ab6cc858) Importer(815301076,1909f56bfc062723c751e8b465ee728b)
Start importing Assets/Prefab/CardPrefabs/ThunderClap.prefab using Guid(da75cc112da7cb5449c3cfb6ab6cc858) Importer(815301076,1909f56bfc062723c751e8b465ee728b)  -> (artifact id: '2ea544ebf1ae14188c13bb4144869902') in 0.007309 seconds 
  Import took 0.009910 seconds .

========================================================================
Received Import Request.
  Time since last request: 0.000183 seconds.
  path: Assets/Prefab/CardPrefabs/Teleport.prefab
  artifactKey: Guid(67dcd81429478eb43924cf0533ba3a87) Importer(815301076,1909f56bfc062723c751e8b465ee728b)
Start importing Assets/Prefab/CardPrefabs/Teleport.prefab using Guid(67dcd81429478eb43924cf0533ba3a87) Importer(815301076,1909f56bfc062723c751e8b465ee728b)  -> (artifact id: '18edd724517aa08aca793e93e3ece506') in 0.008311 seconds 
  Import took 0.011074 seconds .

========================================================================
Received Import Request.
  Time since last request: 0.000224 seconds.
  path: Assets/Prefab/CardPrefabs/Push.prefab
  artifactKey: Guid(d6780fc8e57869d4ba2abdf8444f7725) Importer(815301076,1909f56bfc062723c751e8b465ee728b)
Start importing Assets/Prefab/CardPrefabs/Push.prefab using Guid(d6780fc8e57869d4ba2abdf8444f7725) Importer(815301076,1909f56bfc062723c751e8b465ee728b)  -> (artifact id: '0e805b2ce3c7f80fe6ac026aa4dab8ea') in 0.009129 seconds 
  Import took 0.011657 seconds .

========================================================================
Received Prepare
Registering precompiled user dll's ...
Registered in 0.005183 seconds.
Begin MonoManager ReloadAssembly
Native extension for WindowsStandalone target not found
Native extension for WebGL target not found
Refreshing native plugins compatible for Editor in 0.36 ms, found 2 plugins.
Preloading 0 native plugins for Editor in 0.00 ms.
Mono: successfully reloaded assembly
- Completed reload, in  0.952 seconds
Domain Reload Profiling:
	ReloadAssembly (953ms)
		BeginReloadAssembly (105ms)
			ExecutionOrderSort (0ms)
			DisableScriptedObjects (4ms)
			BackupInstance (0ms)
			ReleaseScriptingObjects (0ms)
			CreateAndSetChildDomain (31ms)
		EndReloadAssembly (786ms)
			LoadAssemblies (86ms)
			RebuildTransferFunctionScriptingTraits (0ms)
			SetupTypeCache (270ms)
			ReleaseScriptCaches (1ms)
			RebuildScriptCaches (44ms)
			SetupLoadedEditorAssemblies (294ms)
				LogAssemblyErrors (0ms)
				InitializePlatformSupportModulesInManaged (7ms)
				SetLoadedEditorAssemblies (0ms)
				RefreshPlugins (0ms)
				BeforeProcessingInitializeOnLoad (82ms)
				ProcessInitializeOnLoadAttributes (189ms)
				ProcessInitializeOnLoadMethodAttributes (8ms)
				AfterProcessingInitializeOnLoad (8ms)
				EditorAssembliesLoaded (0ms)
			ExecutionOrderSort2 (0ms)
			AwakeInstancesAfterBackupRestoration (6ms)
Platform modules already initialized, skipping
Refreshing native plugins compatible for Editor in 0.38 ms, found 2 plugins.
Preloading 0 native plugins for Editor in 0.00 ms.
Unloading 1525 Unused Serialized files (Serialized files now loaded: 0)
System memory in use before: 69.5 MB.
System memory in use after: 69.6 MB.

Unloading 16 unused Assets to reduce memory usage. Loaded Objects now: 1969.
Total: 3.306100 ms (FindLiveObjects: 0.223700 ms CreateObjectMapping: 0.067200 ms MarkObjects: 2.990600 ms  DeleteObjects: 0.022900 ms)

AssetImportParameters requested are different than current active one (requested -> active):
  custom:framework-win-MediaFoundation: 216162199b28c13a410421893ffa2e32 -> 
  custom:video-decoder-ogg-theora: a1e56fd34408186e4bbccfd4996cb3dc -> 
  custom:container-muxer-webm: aa71ff27fc2769a1b78a27578f13a17b -> 
  custom:container-demuxer-webm: 4f35f7cbe854078d1ac9338744f61a02 -> 
  custom:container-demuxer-ogg: 62fdf1f143b41e24485cea50d1cbac27 -> 
  custom:video-encoder-webm-vp8: eb34c28f22e8b96e1ab97ce403110664 -> 
  custom:video-codec-MediaFoundation-h265: 746d11721c4dcdbdad8f713fa42b33f4 -> 
  custom:video-decoder-webm-vp8: 9c59270c3fd7afecdb556c50c9e8de78 -> 
  custom:audio-decoder-ogg-vorbis: bf7c407c2cedff20999df2af8eb42d56 -> 
  custom:audio-encoder-webm-vorbis: bf7c407c2cedff20999df2af8eb42d56 -> 
========================================================================
Received Import Request.
  Time since last request: 46.713056 seconds.
  path: Assets/Prefab/CardPrefabs/Beam.prefab
  artifactKey: Guid(cd158e4f84b2bf244b57f959dc7eb615) Importer(815301076,1909f56bfc062723c751e8b465ee728b)
Start importing Assets/Prefab/CardPrefabs/Beam.prefab using Guid(cd158e4f84b2bf244b57f959dc7eb615) Importer(815301076,1909f56bfc062723c751e8b465ee728b)  -> (artifact id: '3aadd9bcabc2f98ee8d7b142893c95ef') in 0.040758 seconds 
  Import took 0.043839 seconds .

========================================================================
Received Import Request.
  Time since last request: 0.000248 seconds.
  path: Assets/Prefab/CardPrefabs/ThunderClap.prefab
  artifactKey: Guid(da75cc112da7cb5449c3cfb6ab6cc858) Importer(815301076,1909f56bfc062723c751e8b465ee728b)
Start importing Assets/Prefab/CardPrefabs/ThunderClap.prefab using Guid(da75cc112da7cb5449c3cfb6ab6cc858) Importer(815301076,1909f56bfc062723c751e8b465ee728b)  -> (artifact id: 'd776072777664e881e66f5a4bf645a24') in 0.007668 seconds 
  Import took 0.010469 seconds .

========================================================================
Received Import Request.
  Time since last request: 0.000270 seconds.
  path: Assets/Prefab/CardPrefabs/Teleport.prefab
  artifactKey: Guid(67dcd81429478eb43924cf0533ba3a87) Importer(815301076,1909f56bfc062723c751e8b465ee728b)
Start importing Assets/Prefab/CardPrefabs/Teleport.prefab using Guid(67dcd81429478eb43924cf0533ba3a87) Importer(815301076,1909f56bfc062723c751e8b465ee728b)  -> (artifact id: '3178bdf43a0a36408db7b4f60110797e') in 0.007931 seconds 
  Import took 0.010832 seconds .

========================================================================
Received Import Request.
  Time since last request: 0.000201 seconds.
  path: Assets/Prefab/CardPrefabs/Push.prefab
  artifactKey: Guid(d6780fc8e57869d4ba2abdf8444f7725) Importer(815301076,1909f56bfc062723c751e8b465ee728b)
Start importing Assets/Prefab/CardPrefabs/Push.prefab using Guid(d6780fc8e57869d4ba2abdf8444f7725) Importer(815301076,1909f56bfc062723c751e8b465ee728b)  -> (artifact id: '4691cda31b4579472dbd3f69a6dc5e2e') in 0.008523 seconds 
  Import took 0.011305 seconds .

========================================================================
Received Import Request.
  Time since last request: 5.566228 seconds.
  path: Assets/Prefab/CardPrefabs/Beam.prefab
  artifactKey: Guid(cd158e4f84b2bf244b57f959dc7eb615) Importer(815301076,1909f56bfc062723c751e8b465ee728b)
Start importing Assets/Prefab/CardPrefabs/Beam.prefab using Guid(cd158e4f84b2bf244b57f959dc7eb615) Importer(815301076,1909f56bfc062723c751e8b465ee728b)  -> (artifact id: '524fd304d92d9d0d95f32e0675cbf4ce') in 0.007572 seconds 
  Import took 0.010431 seconds .

========================================================================
Received Import Request.
  Time since last request: 0.000285 seconds.
  path: Assets/Prefab/CardPrefabs/ThunderClap.prefab
  artifactKey: Guid(da75cc112da7cb5449c3cfb6ab6cc858) Importer(815301076,1909f56bfc062723c751e8b465ee728b)
Start importing Assets/Prefab/CardPrefabs/ThunderClap.prefab using Guid(da75cc112da7cb5449c3cfb6ab6cc858) Importer(815301076,1909f56bfc062723c751e8b465ee728b)  -> (artifact id: '7415315792532bcae3fa0f38081988f7') in 0.007252 seconds 
  Import took 0.009888 seconds .

========================================================================
Received Import Request.
  Time since last request: 0.000327 seconds.
  path: Assets/Prefab/CardPrefabs/Teleport.prefab
  artifactKey: Guid(67dcd81429478eb43924cf0533ba3a87) Importer(815301076,1909f56bfc062723c751e8b465ee728b)
Start importing Assets/Prefab/CardPrefabs/Teleport.prefab using Guid(67dcd81429478eb43924cf0533ba3a87) Importer(815301076,1909f56bfc062723c751e8b465ee728b)  -> (artifact id: '7475896a81550e4f6f31f2a7ad22d70e') in 0.007107 seconds 
  Import took 0.010046 seconds .

========================================================================
Received Import Request.
  Time since last request: 0.000224 seconds.
  path: Assets/Prefab/CardPrefabs/Push.prefab
  artifactKey: Guid(d6780fc8e57869d4ba2abdf8444f7725) Importer(815301076,1909f56bfc062723c751e8b465ee728b)
Start importing Assets/Prefab/CardPrefabs/Push.prefab using Guid(d6780fc8e57869d4ba2abdf8444f7725) Importer(815301076,1909f56bfc062723c751e8b465ee728b)  -> (artifact id: '66812a3e8b08f27bf7d09a3d8265deb4') in 0.007933 seconds 
  Import took 0.010621 seconds .

========================================================================
Received Prepare
Registering precompiled user dll's ...
Registered in 0.005268 seconds.
Begin MonoManager ReloadAssembly
Native extension for WindowsStandalone target not found
Native extension for WebGL target not found
Refreshing native plugins compatible for Editor in 0.37 ms, found 2 plugins.
Preloading 0 native plugins for Editor in 0.00 ms.
Mono: successfully reloaded assembly
- Completed reload, in  0.929 seconds
Domain Reload Profiling:
	ReloadAssembly (930ms)
		BeginReloadAssembly (103ms)
			ExecutionOrderSort (0ms)
			DisableScriptedObjects (4ms)
			BackupInstance (0ms)
			ReleaseScriptingObjects (0ms)
			CreateAndSetChildDomain (32ms)
		EndReloadAssembly (764ms)
			LoadAssemblies (82ms)
			RebuildTransferFunctionScriptingTraits (0ms)
			SetupTypeCache (251ms)
			ReleaseScriptCaches (1ms)
			RebuildScriptCaches (42ms)
			SetupLoadedEditorAssemblies (302ms)
				LogAssemblyErrors (0ms)
				InitializePlatformSupportModulesInManaged (6ms)
				SetLoadedEditorAssemblies (0ms)
				RefreshPlugins (0ms)
				BeforeProcessingInitializeOnLoad (76ms)
				ProcessInitializeOnLoadAttributes (204ms)
				ProcessInitializeOnLoadMethodAttributes (8ms)
				AfterProcessingInitializeOnLoad (7ms)
				EditorAssembliesLoaded (0ms)
			ExecutionOrderSort2 (0ms)
			AwakeInstancesAfterBackupRestoration (6ms)
Platform modules already initialized, skipping
Refreshing native plugins compatible for Editor in 0.37 ms, found 2 plugins.
Preloading 0 native plugins for Editor in 0.00 ms.
Unloading 1525 Unused Serialized files (Serialized files now loaded: 0)
System memory in use before: 69.5 MB.
System memory in use after: 69.6 MB.

Unloading 16 unused Assets to reduce memory usage. Loaded Objects now: 1971.
Total: 2.888600 ms (FindLiveObjects: 0.177000 ms CreateObjectMapping: 0.035700 ms MarkObjects: 2.650600 ms  DeleteObjects: 0.023800 ms)

AssetImportParameters requested are different than current active one (requested -> active):
  custom:framework-win-MediaFoundation: 216162199b28c13a410421893ffa2e32 -> 
  custom:video-decoder-ogg-theora: a1e56fd34408186e4bbccfd4996cb3dc -> 
  custom:container-muxer-webm: aa71ff27fc2769a1b78a27578f13a17b -> 
  custom:container-demuxer-webm: 4f35f7cbe854078d1ac9338744f61a02 -> 
  custom:container-demuxer-ogg: 62fdf1f143b41e24485cea50d1cbac27 -> 
  custom:video-encoder-webm-vp8: eb34c28f22e8b96e1ab97ce403110664 -> 
  custom:video-codec-MediaFoundation-h265: 746d11721c4dcdbdad8f713fa42b33f4 -> 
  custom:video-decoder-webm-vp8: 9c59270c3fd7afecdb556c50c9e8de78 -> 
  custom:audio-decoder-ogg-vorbis: bf7c407c2cedff20999df2af8eb42d56 -> 
  custom:audio-encoder-webm-vorbis: bf7c407c2cedff20999df2af8eb42d56 -> 
AssetImportWorkerClient::OnTransportError - code=2 error=End of file
